mode: set
/home/way/workspace/gotest/src/RandomString/main.go:12.54,16.19 3 0
/home/way/workspace/gotest/src/RandomString/main.go:19.2,19.18 1 0
/home/way/workspace/gotest/src/RandomString/main.go:16.19,18.3 1 0
/home/way/workspace/gotest/src/RandomString/main.go:22.13,27.31 5 0
/home/way/workspace/gotest/src/RandomString/main.go:37.2,37.31 1 0
/home/way/workspace/gotest/src/RandomString/main.go:41.2,41.28 1 0
/home/way/workspace/gotest/src/RandomString/main.go:27.31,28.13 1 0
/home/way/workspace/gotest/src/RandomString/main.go:28.13,29.36 1 0
/home/way/workspace/gotest/src/RandomString/main.go:33.4,33.21 1 0
/home/way/workspace/gotest/src/RandomString/main.go:29.36,32.5 1 0
/home/way/workspace/gotest/src/RandomString/main.go:37.31,39.3 1 0
